<?xml version="1.0" encoding="UTF-8"?>
<!-- Generated by org.testng.reporters.JUnitReportReporter -->
<testsuite hostname="DESKTOP-874C7K9" failures="0" tests="2" name="teqtestCases.NewRequestTest" time="131.332" errors="0" timestamp="2021-10-27T15:22:04 BDT" skipped="0">
  <testcase classname="teqtestCases.NewRequestTest" name="verifyloginBtn" time="12.091"/>
  <system-out/>
  <testcase classname="teqtestCases.NewRequestTest" name="verifyRegister" time="119.241"/>
  <system-out/>
</testsuite> <!-- teqtestCases.NewRequestTest -->
